<?xml version="1.0" encoding="UTF-8"?>
<!-- Generated by org.testng.reporters.JUnitXMLReporter -->
<testsuite ignored="3" hostname="DESKTOP-T9QN3PE" failures="0" tests="1" name="Default test" time="1.048" errors="0" timestamp="2022-12-09T20:39:21 GMT">
  <testcase classname="apitest.apitest" name="ResponsePost" time="0.997"/>
  <testcase classname="apitest.apitest" name="ResponseTest2" time="0.0">
    <ignored/>
  </testcase> <!-- ResponseTest2 -->
  <testcase classname="apitest.apitest" name="statusCodeTest" time="0.0">
    <ignored/>
  </testcase> <!-- statusCodeTest -->
  <testcase classname="apitest.apitest" name="ResponseTest" time="0.0">
    <ignored/>
  </testcase> <!-- ResponseTest -->
</testsuite> <!-- Default test -->
