<?xml version="1.0" encoding="UTF-8"?>
<testng-results ignored="3" total="4" passed="1" failed="0" skipped="0">
  <reporter-output>
  </reporter-output>
  <suite started-at="2022-12-09T20:39:20 GMT" name="Default suite" finished-at="2022-12-09T20:39:21 GMT" duration-ms="1048">
    <groups>
    </groups>
    <test started-at="2022-12-09T20:39:20 GMT" name="Default test" finished-at="2022-12-09T20:39:21 GMT" duration-ms="1048">
      <class name="apitest.apitest">
        <test-method is-config="true" signature="setUp()[pri:0, instance:apitest.apitest@35ef1869]" started-at="2022-12-09T20:39:20 GMT" name="setUp" finished-at="2022-12-09T20:39:20 GMT" duration-ms="11" status="PASS">
          <reporter-output>
          </reporter-output>
        </test-method> <!-- setUp -->
        <test-method signature="ResponsePost()[pri:1, instance:apitest.apitest@35ef1869]" started-at="2022-12-09T20:39:20 GMT" name="ResponsePost" finished-at="2022-12-09T20:39:21 GMT" duration-ms="997" status="PASS">
          <reporter-output>
          </reporter-output>
        </test-method> <!-- ResponsePost -->
      </class> <!-- apitest.apitest -->
    </test> <!-- Default test -->
  </suite> <!-- Default suite -->
</testng-results>
